2025-12-21 15:29:13.694 [main] INFO  com.exchange.Main - Currency Exchange Application Starting...
2025-12-21 15:29:13.716 [main] INFO  com.exchange.util.DataReader - Loaded participant: John Smith
2025-12-21 15:29:13.716 [main] INFO  com.exchange.util.DataReader - Loaded participant: Emily Clark
2025-12-21 15:29:13.716 [main] INFO  com.exchange.util.DataReader - Loaded participant: Michael Brown
2025-12-21 15:29:13.716 [main] INFO  com.exchange.util.DataReader - Loaded participant: Sarah Wilson
2025-12-21 15:29:13.717 [main] INFO  com.exchange.util.DataReader - Loaded participant: David Miller
2025-12-21 15:29:13.717 [main] INFO  com.exchange.util.DataReader - Loaded participant: Daniel Anderson
2025-12-21 15:29:13.717 [main] INFO  com.exchange.util.DataReader - Loaded participant: Jessica Taylor
2025-12-21 15:29:13.717 [main] INFO  com.exchange.util.DataReader - Loaded participant: Laura Thomas
2025-12-21 15:29:13.717 [main] INFO  com.exchange.util.DataReader - Total 8 participants loaded from data/participants.txt
2025-12-21 15:29:13.717 [main] INFO  com.exchange.service.Exchange - Exchange initialized with default rates
2025-12-21 15:29:13.718 [main] INFO  com.exchange.service.Exchange - Participant registered: John Smith
2025-12-21 15:29:13.718 [main] INFO  com.exchange.service.Exchange - Participant registered: Emily Clark
2025-12-21 15:29:13.718 [main] INFO  com.exchange.service.Exchange - Participant registered: Michael Brown
2025-12-21 15:29:13.718 [main] INFO  com.exchange.service.Exchange - Participant registered: Sarah Wilson
2025-12-21 15:29:13.718 [main] INFO  com.exchange.service.Exchange - Participant registered: David Miller
2025-12-21 15:29:13.718 [main] INFO  com.exchange.service.Exchange - Participant registered: Daniel Anderson
2025-12-21 15:29:13.718 [main] INFO  com.exchange.service.Exchange - Participant registered: Jessica Taylor
2025-12-21 15:29:13.718 [main] INFO  com.exchange.service.Exchange - Participant registered: Laura Thomas
2025-12-21 15:29:13.718 [main] INFO  com.exchange.Main - Starting trading with 8 participants, 10 transactions each
2025-12-21 15:29:13.718 [BalanceReporter] INFO  com.exchange.thread.BalanceReporter - Balance Reporter started, reporting every 3000 ms
2025-12-21 15:29:13.719 [Participant-1] INFO  com.exchange.thread.ParticipantThread - Participant John Smith started trading
2025-12-21 15:29:13.719 [Participant-4] INFO  com.exchange.thread.ParticipantThread - Participant Sarah Wilson started trading
2025-12-21 15:29:13.720 [Participant-1] DEBUG com.exchange.state.ActiveState - Participant John Smith transitioned to TRADING state
2025-12-21 15:29:13.720 [Participant-4] DEBUG com.exchange.state.ActiveState - Participant Sarah Wilson transitioned to TRADING state
2025-12-21 15:29:13.719 [Participant-2] INFO  com.exchange.thread.ParticipantThread - Participant Emily Clark started trading
2025-12-21 15:29:13.719 [Participant-3] INFO  com.exchange.thread.ParticipantThread - Participant Michael Brown started trading
2025-12-21 15:29:13.720 [Participant-6] INFO  com.exchange.thread.ParticipantThread - Participant Daniel Anderson started trading
2025-12-21 15:29:13.720 [Participant-5] INFO  com.exchange.thread.ParticipantThread - Participant David Miller started trading
2025-12-21 15:29:13.720 [Participant-2] DEBUG com.exchange.state.ActiveState - Participant Emily Clark transitioned to TRADING state
2025-12-21 15:29:13.720 [Participant-6] DEBUG com.exchange.state.ActiveState - Participant Daniel Anderson transitioned to TRADING state
2025-12-21 15:29:13.720 [Participant-3] DEBUG com.exchange.state.ActiveState - Participant Michael Brown transitioned to TRADING state
2025-12-21 15:29:13.720 [Participant-5] DEBUG com.exchange.state.ActiveState - Participant David Miller transitioned to TRADING state
2025-12-21 15:29:13.721 [main] INFO  com.exchange.Main - All participant threads submitted. Waiting for completion...
2025-12-21 15:29:13.720 [Participant-7] INFO  com.exchange.thread.ParticipantThread - Participant Jessica Taylor started trading
2025-12-21 15:29:13.721 [Participant-8] INFO  com.exchange.thread.ParticipantThread - Participant Laura Thomas started trading
2025-12-21 15:29:13.721 [Participant-8] DEBUG com.exchange.state.ActiveState - Participant Laura Thomas transitioned to TRADING state
2025-12-21 15:29:13.721 [Participant-7] DEBUG com.exchange.state.ActiveState - Participant Jessica Taylor transitioned to TRADING state
2025-12-21 15:29:13.722 [Participant-3] INFO  com.exchange.service.Exchange - Exchange transaction completed: Michael Brown exchanged 194.14 USD ($) for 176.6674 EUR (€) at rate 0.91
2025-12-21 15:29:13.722 [Participant-4] INFO  com.exchange.service.Exchange - Exchange transaction completed: Sarah Wilson exchanged 168043.58 MNT (₮) for 78.47635186 USD ($) at rate 0.000467
2025-12-21 15:29:13.722 [Participant-5] INFO  com.exchange.service.Exchange - Exchange transaction completed: David Miller exchanged 213.71 USD ($) for 194.47610000 EUR (€) at rate 0.910000
2025-12-21 15:29:13.722 [Participant-7] INFO  com.exchange.service.Exchange - Exchange transaction completed: Jessica Taylor exchanged 283.02 USD ($) for 257.54820000 EUR (€) at rate 0.910000
2025-12-21 15:29:13.722 [Participant-8] INFO  com.exchange.service.Exchange - Exchange transaction completed: Laura Thomas exchanged 146.09 EUR (€) for 552329.76750000 MNT (₮) at rate 3780.750000
2025-12-21 15:29:13.722 [Participant-6] INFO  com.exchange.service.Exchange - Exchange transaction completed: Daniel Anderson exchanged 228.56 EUR (€) for 864128.2200 MNT (₮) at rate 3780.75
2025-12-21 15:29:13.723 [Participant-1] INFO  com.exchange.service.Exchange - Exchange transaction completed: John Smith exchanged 399.53 USD ($) for 363.57230000 EUR (€) at rate 0.910000
2025-12-21 15:29:13.722 [Participant-2] INFO  com.exchange.service.Exchange - Exchange transaction completed: Emily Clark exchanged 176801.63 MNT (₮) for 51.27247270 USD ($) at rate 0.000290
2025-12-21 15:29:14.287 [Participant-7] DEBUG com.exchange.state.TradingState - Participant Jessica Taylor transitioned to ACTIVE state
2025-12-21 15:29:14.288 [Participant-7] DEBUG com.exchange.state.ActiveState - Participant Jessica Taylor transitioned to TRADING state
2025-12-21 15:29:14.289 [Participant-7] INFO  com.exchange.service.Exchange - Exchange transaction completed: Jessica Taylor exchanged 289423.18 MNT (₮) for 183.78371930 USD ($) at rate 0.000635
2025-12-21 15:29:14.344 [Participant-8] DEBUG com.exchange.state.TradingState - Participant Laura Thomas transitioned to ACTIVE state
2025-12-21 15:29:14.344 [Participant-8] DEBUG com.exchange.state.ActiveState - Participant Laura Thomas transitioned to TRADING state
2025-12-21 15:29:14.345 [Participant-8] INFO  com.exchange.service.Exchange - Exchange transaction completed: Laura Thomas exchanged 109.48 EUR (€) for 120.30768148 USD ($) at rate 1.098901
2025-12-21 15:29:14.374 [Participant-6] DEBUG com.exchange.state.TradingState - Participant Daniel Anderson transitioned to ACTIVE state
2025-12-21 15:29:14.374 [Participant-6] DEBUG com.exchange.state.ActiveState - Participant Daniel Anderson transitioned to TRADING state
2025-12-21 15:29:14.375 [Participant-6] INFO  com.exchange.service.Exchange - Exchange transaction completed: Daniel Anderson exchanged 283609.82 MNT (₮) for 74.87299248 EUR (€) at rate 0.000264
2025-12-21 15:29:14.631 [Participant-1] DEBUG com.exchange.state.TradingState - Participant John Smith transitioned to ACTIVE state
2025-12-21 15:29:14.631 [Participant-1] DEBUG com.exchange.state.ActiveState - Participant John Smith transitioned to TRADING state
2025-12-21 15:29:14.631 [Participant-1] INFO  com.exchange.service.Exchange - Exchange transaction completed: John Smith exchanged 151.56 USD ($) for 522957.7800 MNT (₮) at rate 3450.50
2025-12-21 15:29:14.670 [Participant-3] DEBUG com.exchange.state.TradingState - Participant Michael Brown transitioned to ACTIVE state
2025-12-21 15:29:14.670 [Participant-3] DEBUG com.exchange.state.ActiveState - Participant Michael Brown transitioned to TRADING state
2025-12-21 15:29:14.670 [Participant-3] INFO  com.exchange.service.Exchange - Exchange transaction completed: Michael Brown exchanged 83.96 EUR (€) for 317431.77000000 MNT (₮) at rate 3780.750000
2025-12-21 15:29:14.960 [Participant-5] DEBUG com.exchange.state.TradingState - Participant David Miller transitioned to ACTIVE state
2025-12-21 15:29:14.960 [Participant-5] DEBUG com.exchange.state.ActiveState - Participant David Miller transitioned to TRADING state
2025-12-21 15:29:14.961 [Participant-5] INFO  com.exchange.service.Exchange - Exchange transaction completed: David Miller exchanged 82.20 USD ($) for 283631.10000000 MNT (₮) at rate 3450.500000
2025-12-21 15:29:15.145 [Participant-2] DEBUG com.exchange.state.TradingState - Participant Emily Clark transitioned to ACTIVE state
2025-12-21 15:29:15.146 [Participant-2] DEBUG com.exchange.state.ActiveState - Participant Emily Clark transitioned to TRADING state
2025-12-21 15:29:15.148 [Participant-2] INFO  com.exchange.service.Exchange - Exchange transaction completed: Emily Clark exchanged 141429.37 MNT (₮) for 77.50329476 EUR (€) at rate 0.000548
2025-12-21 15:29:15.168 [Participant-4] DEBUG com.exchange.state.TradingState - Participant Sarah Wilson transitioned to ACTIVE state
2025-12-21 15:29:15.169 [Participant-4] DEBUG com.exchange.state.ActiveState - Participant Sarah Wilson transitioned to TRADING state
2025-12-21 15:29:15.169 [Participant-4] INFO  com.exchange.service.Exchange - Exchange transaction completed: Sarah Wilson exchanged 663.34 USD ($) for 603.63940000 EUR (€) at rate 0.910000
2025-12-21 15:29:15.339 [Participant-8] DEBUG com.exchange.state.TradingState - Participant Laura Thomas transitioned to ACTIVE state
2025-12-21 15:29:15.340 [Participant-8] DEBUG com.exchange.state.ActiveState - Participant Laura Thomas transitioned to TRADING state
2025-12-21 15:29:15.340 [Participant-8] INFO  com.exchange.service.Exchange - Exchange transaction completed: Laura Thomas exchanged 43.28 EUR (€) for 163630.86000000 MNT (₮) at rate 3780.750000
2025-12-21 15:29:15.531 [Participant-5] DEBUG com.exchange.state.TradingState - Participant David Miller transitioned to ACTIVE state
2025-12-21 15:29:15.531 [Participant-5] DEBUG com.exchange.state.ActiveState - Participant David Miller transitioned to TRADING state
2025-12-21 15:29:15.532 [Participant-5] INFO  com.exchange.service.Exchange - Exchange transaction completed: David Miller exchanged 306.71 EUR (€) for 337.04392571 USD ($) at rate 1.098901
2025-12-21 15:29:15.582 [Participant-7] DEBUG com.exchange.state.TradingState - Participant Jessica Taylor transitioned to ACTIVE state
2025-12-21 15:29:15.582 [Participant-7] DEBUG com.exchange.state.ActiveState - Participant Jessica Taylor transitioned to TRADING state
2025-12-21 15:29:15.582 [Participant-7] INFO  com.exchange.service.Exchange - Exchange transaction completed: Jessica Taylor exchanged 377.22 EUR (€) for 414.52743522 USD ($) at rate 1.098901
2025-12-21 15:29:15.834 [Participant-6] DEBUG com.exchange.state.TradingState - Participant Daniel Anderson transitioned to ACTIVE state
2025-12-21 15:29:15.835 [Participant-6] DEBUG com.exchange.state.ActiveState - Participant Daniel Anderson transitioned to TRADING state
2025-12-21 15:29:15.835 [Participant-6] INFO  com.exchange.service.Exchange - Exchange transaction completed: Daniel Anderson exchanged 139.60 EUR (€) for 527792.70000000 MNT (₮) at rate 3780.750000
2025-12-21 15:29:15.888 [Participant-1] DEBUG com.exchange.state.TradingState - Participant John Smith transitioned to ACTIVE state
2025-12-21 15:29:15.888 [Participant-8] DEBUG com.exchange.state.TradingState - Participant Laura Thomas transitioned to ACTIVE state
2025-12-21 15:29:15.888 [Participant-1] DEBUG com.exchange.state.ActiveState - Participant John Smith transitioned to TRADING state
2025-12-21 15:29:15.889 [Participant-8] DEBUG com.exchange.state.ActiveState - Participant Laura Thomas transitioned to TRADING state
2025-12-21 15:29:15.889 [Participant-1] INFO  com.exchange.service.Exchange - Exchange transaction completed: John Smith exchanged 147.81 USD ($) for 134.50724781 EUR (€) at rate 0.910001
2025-12-21 15:29:15.889 [Participant-8] INFO  com.exchange.service.Exchange - Exchange transaction completed: Laura Thomas exchanged 90.17 EUR (€) for 340910.22750000 MNT (₮) at rate 3780.750000
2025-12-21 15:29:16.075 [Participant-3] DEBUG com.exchange.state.TradingState - Participant Michael Brown transitioned to ACTIVE state
2025-12-21 15:29:16.075 [Participant-3] DEBUG com.exchange.state.ActiveState - Participant Michael Brown transitioned to TRADING state
2025-12-21 15:29:16.075 [Participant-3] INFO  com.exchange.service.Exchange - Exchange transaction completed: Michael Brown exchanged 236974.13 MNT (₮) for 163.27517557 EUR (€) at rate 0.000689
2025-12-21 15:29:16.116 [Participant-4] DEBUG com.exchange.state.TradingState - Participant Sarah Wilson transitioned to ACTIVE state
2025-12-21 15:29:16.116 [Participant-4] DEBUG com.exchange.state.ActiveState - Participant Sarah Wilson transitioned to TRADING state
2025-12-21 15:29:16.117 [Participant-4] INFO  com.exchange.service.Exchange - Exchange transaction completed: Sarah Wilson exchanged 516.83 USD ($) for 470.31581683 EUR (€) at rate 0.910001
2025-12-21 15:29:16.161 [Participant-2] DEBUG com.exchange.state.TradingState - Participant Emily Clark transitioned to ACTIVE state
2025-12-21 15:29:16.161 [Participant-2] DEBUG com.exchange.state.ActiveState - Participant Emily Clark transitioned to TRADING state
2025-12-21 15:29:16.161 [Participant-2] INFO  com.exchange.service.Exchange - Exchange transaction completed: Emily Clark exchanged 276.41 EUR (€) for 303.74722541 USD ($) at rate 1.098901
2025-12-21 15:29:16.309 [Participant-5] DEBUG com.exchange.state.TradingState - Participant David Miller transitioned to ACTIVE state
2025-12-21 15:29:16.309 [Participant-5] DEBUG com.exchange.state.ActiveState - Participant David Miller transitioned to TRADING state
2025-12-21 15:29:16.310 [Participant-5] INFO  com.exchange.service.Exchange - Exchange transaction completed: David Miller exchanged 121.86 EUR (€) for 133.91207586 USD ($) at rate 1.098901
2025-12-21 15:29:16.648 [Participant-1] DEBUG com.exchange.state.TradingState - Participant John Smith transitioned to ACTIVE state
2025-12-21 15:29:16.649 [Participant-1] DEBUG com.exchange.state.ActiveState - Participant John Smith transitioned to TRADING state
2025-12-21 15:29:16.650 [Participant-1] INFO  com.exchange.service.Exchange - Exchange transaction completed: John Smith exchanged 483.84 EUR (€) for 1829278.08000000 MNT (₮) at rate 3780.750000
2025-12-21 15:29:16.677 [Participant-7] DEBUG com.exchange.state.TradingState - Participant Jessica Taylor transitioned to ACTIVE state
2025-12-21 15:29:16.678 [Participant-7] DEBUG com.exchange.state.ActiveState - Participant Jessica Taylor transitioned to TRADING state
2025-12-21 15:29:16.679 [Participant-7] INFO  com.exchange.service.Exchange - Exchange transaction completed: Jessica Taylor exchanged 494.87 USD ($) for 1707548.93500000 MNT (₮) at rate 3450.500000
2025-12-21 15:29:17.081 [Participant-4] DEBUG com.exchange.state.TradingState - Participant Sarah Wilson transitioned to ACTIVE state
2025-12-21 15:29:17.081 [Participant-4] DEBUG com.exchange.state.ActiveState - Participant Sarah Wilson transitioned to TRADING state
2025-12-21 15:29:17.082 [Participant-4] INFO  com.exchange.service.Exchange - Exchange transaction completed: Sarah Wilson exchanged 578.70 EUR (€) for 2187920.02500000 MNT (₮) at rate 3780.750000
2025-12-21 15:29:17.117 [Participant-3] DEBUG com.exchange.state.TradingState - Participant Michael Brown transitioned to ACTIVE state
2025-12-21 15:29:17.118 [Participant-3] DEBUG com.exchange.state.ActiveState - Participant Michael Brown transitioned to TRADING state
2025-12-21 15:29:17.118 [Participant-3] INFO  com.exchange.service.Exchange - Exchange transaction completed: Michael Brown exchanged 78.39 USD ($) for 270484.69500000 MNT (₮) at rate 3450.500000
2025-12-21 15:29:17.183 [Participant-8] DEBUG com.exchange.state.TradingState - Participant Laura Thomas transitioned to ACTIVE state
2025-12-21 15:29:17.183 [Participant-8] DEBUG com.exchange.state.ActiveState - Participant Laura Thomas transitioned to TRADING state
2025-12-21 15:29:17.184 [Participant-8] INFO  com.exchange.service.Exchange - Exchange transaction completed: Laura Thomas exchanged 51.88 EUR (€) for 196145.31005188 MNT (₮) at rate 3780.750001
2025-12-21 15:29:17.334 [Participant-6] DEBUG com.exchange.state.TradingState - Participant Daniel Anderson transitioned to ACTIVE state
2025-12-21 15:29:17.335 [Participant-6] DEBUG com.exchange.state.ActiveState - Participant Daniel Anderson transitioned to TRADING state
2025-12-21 15:29:17.335 [Participant-6] INFO  com.exchange.service.Exchange - Exchange transaction completed: Daniel Anderson exchanged 669229.75 MNT (₮) for 618.36828900 USD ($) at rate 0.000924
2025-12-21 15:29:17.501 [Participant-5] DEBUG com.exchange.state.TradingState - Participant David Miller transitioned to ACTIVE state
2025-12-21 15:29:17.502 [Participant-5] DEBUG com.exchange.state.ActiveState - Participant David Miller transitioned to TRADING state
2025-12-21 15:29:17.503 [Participant-5] INFO  com.exchange.service.Exchange - Exchange transaction completed: David Miller exchanged 223.82 USD ($) for 203.67664764 EUR (€) at rate 0.910002
2025-12-21 15:29:17.599 [Participant-2] DEBUG com.exchange.state.TradingState - Participant Emily Clark transitioned to ACTIVE state
2025-12-21 15:29:17.599 [Participant-2] DEBUG com.exchange.state.ActiveState - Participant Emily Clark transitioned to TRADING state
2025-12-21 15:29:17.600 [Participant-2] INFO  com.exchange.service.Exchange - Exchange transaction completed: Emily Clark exchanged 69548.65 MNT (₮) for 64.40204990 EUR (€) at rate 0.000926
2025-12-21 15:29:17.706 [Participant-1] DEBUG com.exchange.state.TradingState - Participant John Smith transitioned to ACTIVE state
2025-12-21 15:29:17.706 [Participant-1] DEBUG com.exchange.state.ActiveState - Participant John Smith transitioned to TRADING state
2025-12-21 15:29:17.706 [Participant-1] INFO  com.exchange.service.Exchange - Exchange transaction completed: John Smith exchanged 257.18 EUR (€) for 282.61535918 USD ($) at rate 1.098901
2025-12-21 15:29:17.770 [Participant-8] DEBUG com.exchange.state.TradingState - Participant Laura Thomas transitioned to ACTIVE state
2025-12-21 15:29:17.771 [Participant-8] DEBUG com.exchange.state.ActiveState - Participant Laura Thomas transitioned to TRADING state
2025-12-21 15:29:17.771 [Participant-8] INFO  com.exchange.service.Exchange - Exchange transaction completed: Laura Thomas exchanged 379510.34 MNT (₮) for 377.99229864 EUR (€) at rate 0.000996
2025-12-21 15:29:17.819 [Participant-7] DEBUG com.exchange.state.TradingState - Participant Jessica Taylor transitioned to ACTIVE state
2025-12-21 15:29:17.819 [Participant-7] DEBUG com.exchange.state.ActiveState - Participant Jessica Taylor transitioned to TRADING state
2025-12-21 15:29:17.820 [Participant-7] INFO  com.exchange.service.Exchange - Exchange transaction completed: Jessica Taylor exchanged 225004.46 MNT (₮) for 358.43210478 USD ($) at rate 0.001593
2025-12-21 15:29:18.147 [Participant-3] DEBUG com.exchange.state.TradingState - Participant Michael Brown transitioned to ACTIVE state
2025-12-21 15:29:18.147 [Participant-3] DEBUG com.exchange.state.ActiveState - Participant Michael Brown transitioned to TRADING state
2025-12-21 15:29:18.148 [Participant-3] INFO  com.exchange.service.Exchange - Exchange transaction completed: Michael Brown exchanged 176.23 USD ($) for 608081.61500000 MNT (₮) at rate 3450.500000
2025-12-21 15:29:18.269 [Participant-6] DEBUG com.exchange.state.TradingState - Participant Daniel Anderson transitioned to ACTIVE state
2025-12-21 15:29:18.269 [Participant-4] DEBUG com.exchange.state.TradingState - Participant Sarah Wilson transitioned to ACTIVE state
2025-12-21 15:29:18.270 [Participant-6] DEBUG com.exchange.state.ActiveState - Participant Daniel Anderson transitioned to TRADING state
2025-12-21 15:29:18.270 [Participant-4] DEBUG com.exchange.state.ActiveState - Participant Sarah Wilson transitioned to TRADING state
2025-12-21 15:29:18.271 [Participant-4] INFO  com.exchange.service.Exchange - Exchange transaction completed: Sarah Wilson exchanged 480581.82 MNT (₮) for 873.69774876 USD ($) at rate 0.001818
2025-12-21 15:29:18.271 [Participant-6] INFO  com.exchange.service.Exchange - Exchange transaction completed: Daniel Anderson exchanged 314438.41 MNT (₮) for 571.64902938 USD ($) at rate 0.001818
2025-12-21 15:29:18.303 [Participant-2] DEBUG com.exchange.state.TradingState - Participant Emily Clark transitioned to ACTIVE state
2025-12-21 15:29:18.304 [Participant-2] DEBUG com.exchange.state.ActiveState - Participant Emily Clark transitioned to TRADING state
2025-12-21 15:29:18.304 [Participant-2] INFO  com.exchange.service.Exchange - Exchange transaction completed: Emily Clark exchanged 664.42 USD ($) for 2292581.21000000 MNT (₮) at rate 3450.500000
2025-12-21 15:29:18.438 [Participant-8] DEBUG com.exchange.state.TradingState - Participant Laura Thomas transitioned to ACTIVE state
2025-12-21 15:29:18.438 [Participant-8] DEBUG com.exchange.state.ActiveState - Participant Laura Thomas transitioned to TRADING state
2025-12-21 15:29:18.438 [Participant-8] INFO  com.exchange.service.Exchange - Exchange transaction completed: Laura Thomas exchanged 284346.69 MNT (₮) for 742.99790097 USD ($) at rate 0.002613
2025-12-21 15:29:18.455 [Participant-5] DEBUG com.exchange.state.TradingState - Participant David Miller transitioned to ACTIVE state
2025-12-21 15:29:18.455 [Participant-5] DEBUG com.exchange.state.ActiveState - Participant David Miller transitioned to TRADING state
2025-12-21 15:29:18.455 [Participant-5] INFO  com.exchange.service.Exchange - Exchange transaction completed: David Miller exchanged 74980.58 MNT (₮) for 217.21874026 USD ($) at rate 0.002897
2025-12-21 15:29:18.934 [Participant-6] DEBUG com.exchange.state.TradingState - Participant Daniel Anderson transitioned to ACTIVE state
2025-12-21 15:29:18.935 [Participant-6] DEBUG com.exchange.state.ActiveState - Participant Daniel Anderson transitioned to TRADING state
2025-12-21 15:29:18.936 [Participant-6] INFO  com.exchange.service.Exchange - Exchange transaction completed: Daniel Anderson exchanged 160.46 EUR (€) for 606659.14516046 MNT (₮) at rate 3780.750001
2025-12-21 15:29:19.117 [Participant-1] DEBUG com.exchange.state.TradingState - Participant John Smith transitioned to ACTIVE state
2025-12-21 15:29:19.118 [Participant-1] DEBUG com.exchange.state.ActiveState - Participant John Smith transitioned to TRADING state
2025-12-21 15:29:19.119 [Participant-1] INFO  com.exchange.service.Exchange - Exchange transaction completed: John Smith exchanged 726221.66 MNT (₮) for 999.28100416 EUR (€) at rate 0.001376
2025-12-21 15:29:19.191 [Participant-7] DEBUG com.exchange.state.TradingState - Participant Jessica Taylor transitioned to ACTIVE state
2025-12-21 15:29:19.191 [Participant-7] DEBUG com.exchange.state.ActiveState - Participant Jessica Taylor transitioned to TRADING state
2025-12-21 15:29:19.192 [Participant-7] INFO  com.exchange.service.Exchange - Exchange transaction completed: Jessica Taylor exchanged 553816.44 MNT (₮) for 1164.12215688 EUR (€) at rate 0.002102
2025-12-21 15:29:19.282 [Participant-8] DEBUG com.exchange.state.TradingState - Participant Laura Thomas transitioned to ACTIVE state
2025-12-21 15:29:19.282 [Participant-8] DEBUG com.exchange.state.ActiveState - Participant Laura Thomas transitioned to TRADING state
2025-12-21 15:29:19.283 [Participant-8] INFO  com.exchange.service.Exchange - Exchange transaction completed: Laura Thomas exchanged 615.88 USD ($) for 2125093.94061588 MNT (₮) at rate 3450.500001
2025-12-21 15:29:19.358 [Participant-5] DEBUG com.exchange.state.TradingState - Participant David Miller transitioned to ACTIVE state
2025-12-21 15:29:19.358 [Participant-5] DEBUG com.exchange.state.ActiveState - Participant David Miller transitioned to TRADING state
2025-12-21 15:29:19.359 [Participant-5] INFO  com.exchange.service.Exchange - Exchange transaction completed: David Miller exchanged 264.90 EUR (€) for 1001520.67526490 MNT (₮) at rate 3780.750001
2025-12-21 15:29:19.494 [Participant-3] DEBUG com.exchange.state.TradingState - Participant Michael Brown transitioned to ACTIVE state
2025-12-21 15:29:19.494 [Participant-3] DEBUG com.exchange.state.ActiveState - Participant Michael Brown transitioned to TRADING state
2025-12-21 15:29:19.495 [Participant-3] INFO  com.exchange.service.Exchange - Exchange transaction completed: Michael Brown exchanged 413150.19 MNT (₮) for 1097.32690464 EUR (€) at rate 0.002656
2025-12-21 15:29:19.615 [Participant-2] DEBUG com.exchange.state.TradingState - Participant Emily Clark transitioned to ACTIVE state
2025-12-21 15:29:19.617 [Participant-2] DEBUG com.exchange.state.ActiveState - Participant Emily Clark transitioned to TRADING state
2025-12-21 15:29:19.624 [Participant-2] INFO  com.exchange.service.Exchange - Exchange transaction completed: Emily Clark exchanged 352.32 EUR (€) for 387.16480032 USD ($) at rate 1.098901
2025-12-21 15:29:19.674 [Participant-4] DEBUG com.exchange.state.TradingState - Participant Sarah Wilson transitioned to ACTIVE state
2025-12-21 15:29:19.674 [Participant-4] DEBUG com.exchange.state.ActiveState - Participant Sarah Wilson transitioned to TRADING state
2025-12-21 15:29:19.675 [Participant-4] INFO  com.exchange.service.Exchange - Exchange transaction completed: Sarah Wilson exchanged 828811.99 MNT (₮) for 2543.62399731 EUR (€) at rate 0.003069
2025-12-21 15:29:19.857 [Participant-6] DEBUG com.exchange.state.TradingState - Participant Daniel Anderson transitioned to ACTIVE state
2025-12-21 15:29:19.858 [Participant-6] DEBUG com.exchange.state.ActiveState - Participant Daniel Anderson transitioned to TRADING state
2025-12-21 15:29:19.858 [Participant-6] INFO  com.exchange.service.Exchange - Exchange transaction completed: Daniel Anderson exchanged 72.99 EUR (€) for 275956.94257299 MNT (₮) at rate 3780.750001
2025-12-21 15:29:20.097 [Participant-1] DEBUG com.exchange.state.TradingState - Participant John Smith transitioned to ACTIVE state
2025-12-21 15:29:20.097 [Participant-1] DEBUG com.exchange.state.ActiveState - Participant John Smith transitioned to TRADING state
2025-12-21 15:29:20.097 [Participant-1] INFO  com.exchange.service.Exchange - Exchange transaction completed: John Smith exchanged 568.07 EUR (€) for 624.25269107 USD ($) at rate 1.098901
2025-12-21 15:29:20.224 [Participant-7] DEBUG com.exchange.state.TradingState - Participant Jessica Taylor transitioned to ACTIVE state
2025-12-21 15:29:20.224 [Participant-7] DEBUG com.exchange.state.ActiveState - Participant Jessica Taylor transitioned to TRADING state
2025-12-21 15:29:20.225 [Participant-7] INFO  com.exchange.service.Exchange - Exchange transaction completed: Jessica Taylor exchanged 342038.09 MNT (₮) for 1333.26447482 EUR (€) at rate 0.003898
2025-12-21 15:29:20.296 [Participant-2] DEBUG com.exchange.state.TradingState - Participant Emily Clark transitioned to ACTIVE state
2025-12-21 15:29:20.296 [Participant-2] DEBUG com.exchange.state.ActiveState - Participant Emily Clark transitioned to TRADING state
2025-12-21 15:29:20.297 [Participant-2] INFO  com.exchange.service.Exchange - Exchange transaction completed: Emily Clark exchanged 446286.52 MNT (₮) for 1892.25484480 EUR (€) at rate 0.004240
2025-12-21 15:29:20.354 [Participant-8] DEBUG com.exchange.state.TradingState - Participant Laura Thomas transitioned to ACTIVE state
2025-12-21 15:29:20.354 [Participant-8] DEBUG com.exchange.state.ActiveState - Participant Laura Thomas transitioned to TRADING state
2025-12-21 15:29:20.354 [Participant-8] INFO  com.exchange.service.Exchange - Exchange transaction completed: Laura Thomas exchanged 126.04 EUR (€) for 476525.73012604 MNT (₮) at rate 3780.750001
2025-12-21 15:29:20.685 [Participant-4] DEBUG com.exchange.state.TradingState - Participant Sarah Wilson transitioned to ACTIVE state
2025-12-21 15:29:20.685 [Participant-4] DEBUG com.exchange.state.ActiveState - Participant Sarah Wilson transitioned to TRADING state
2025-12-21 15:29:20.686 [Participant-4] INFO  com.exchange.service.Exchange - Exchange transaction completed: Sarah Wilson exchanged 647923.48 MNT (₮) for 3036.16942728 EUR (€) at rate 0.004686
2025-12-21 15:29:20.794 [Participant-5] DEBUG com.exchange.state.TradingState - Participant David Miller transitioned to ACTIVE state
2025-12-21 15:29:20.795 [Participant-5] DEBUG com.exchange.state.ActiveState - Participant David Miller transitioned to TRADING state
2025-12-21 15:29:20.796 [Participant-5] INFO  com.exchange.service.Exchange - Exchange transaction completed: David Miller exchanged 217405.09 MNT (₮) for 646.12792748 USD ($) at rate 0.002972
2025-12-21 15:29:20.818 [Participant-3] DEBUG com.exchange.state.TradingState - Participant Michael Brown transitioned to ACTIVE state
2025-12-21 15:29:20.819 [Participant-3] DEBUG com.exchange.state.ActiveState - Participant Michael Brown transitioned to TRADING state
2025-12-21 15:29:20.820 [Participant-3] INFO  com.exchange.service.Exchange - Exchange transaction completed: Michael Brown exchanged 646.29 EUR (€) for 710.20937358 USD ($) at rate 1.098902
2025-12-21 15:29:21.051 [Participant-7] DEBUG com.exchange.state.TradingState - Participant Jessica Taylor transitioned to ACTIVE state
2025-12-21 15:29:21.051 [Participant-7] DEBUG com.exchange.state.ActiveState - Participant Jessica Taylor transitioned to TRADING state
2025-12-21 15:29:21.052 [Participant-7] INFO  com.exchange.service.Exchange - Exchange transaction completed: Jessica Taylor exchanged 575.12 USD ($) for 523.36035024 EUR (€) at rate 0.910002
2025-12-21 15:29:21.130 [Participant-6] DEBUG com.exchange.state.TradingState - Participant Daniel Anderson transitioned to ACTIVE state
2025-12-21 15:29:21.131 [Participant-6] DEBUG com.exchange.state.ActiveState - Participant Daniel Anderson transitioned to TRADING state
2025-12-21 15:29:21.131 [Participant-6] INFO  com.exchange.service.Exchange - Exchange transaction completed: Daniel Anderson exchanged 54.23 EUR (€) for 59.59350969 USD ($) at rate 1.098903
2025-12-21 15:29:21.166 [Participant-1] DEBUG com.exchange.state.TradingState - Participant John Smith transitioned to ACTIVE state
2025-12-21 15:29:21.166 [Participant-1] DEBUG com.exchange.state.ActiveState - Participant John Smith transitioned to TRADING state
2025-12-21 15:29:21.167 [Participant-1] INFO  com.exchange.service.Exchange - Exchange transaction completed: John Smith exchanged 319.77 USD ($) for 290.99165931 EUR (€) at rate 0.910003
2025-12-21 15:29:21.700 [Participant-2] DEBUG com.exchange.state.TradingState - Participant Emily Clark transitioned to ACTIVE state
2025-12-21 15:29:21.700 [Participant-2] DEBUG com.exchange.state.ActiveState - Participant Emily Clark transitioned to TRADING state
2025-12-21 15:29:21.701 [Participant-2] INFO  com.exchange.service.Exchange - Exchange transaction completed: Emily Clark exchanged 271.21 USD ($) for 246.80191363 EUR (€) at rate 0.910003
2025-12-21 15:29:21.754 [Participant-8] DEBUG com.exchange.state.TradingState - Participant Laura Thomas transitioned to ACTIVE state
2025-12-21 15:29:21.755 [Participant-8] DEBUG com.exchange.state.ActiveState - Participant Laura Thomas transitioned to TRADING state
2025-12-21 15:29:21.756 [Participant-8] INFO  com.exchange.service.Exchange - Exchange transaction completed: Laura Thomas exchanged 1346748.19 MNT (₮) for 7183.55484546 EUR (€) at rate 0.005334
2025-12-21 15:29:21.976 [Participant-1] DEBUG com.exchange.state.TradingState - Participant John Smith transitioned to ACTIVE state
2025-12-21 15:29:21.976 [Participant-1] DEBUG com.exchange.state.ActiveState - Participant John Smith transitioned to TRADING state
2025-12-21 15:29:21.976 [Participant-1] INFO  com.exchange.service.Exchange - Exchange transaction completed: John Smith exchanged 214.28 EUR (€) for 235.47293484 USD ($) at rate 1.098903
2025-12-21 15:29:22.028 [Participant-3] DEBUG com.exchange.state.TradingState - Participant Michael Brown transitioned to ACTIVE state
2025-12-21 15:29:22.029 [Participant-3] DEBUG com.exchange.state.ActiveState - Participant Michael Brown transitioned to TRADING state
2025-12-21 15:29:22.029 [Participant-3] INFO  com.exchange.service.Exchange - Exchange transaction completed: Michael Brown exchanged 324912.37 MNT (₮) for 1036.14554793 USD ($) at rate 0.003189
2025-12-21 15:29:22.140 [Participant-4] DEBUG com.exchange.state.TradingState - Participant Sarah Wilson transitioned to ACTIVE state
2025-12-21 15:29:22.140 [Participant-4] DEBUG com.exchange.state.ActiveState - Participant Sarah Wilson transitioned to TRADING state
2025-12-21 15:29:22.141 [Participant-4] INFO  com.exchange.service.Exchange - Exchange transaction completed: Sarah Wilson exchanged 2692.98 EUR (€) for 10181484.13769298 MNT (₮) at rate 3780.750001
2025-12-21 15:29:22.281 [Participant-5] DEBUG com.exchange.state.TradingState - Participant David Miller transitioned to ACTIVE state
2025-12-21 15:29:22.281 [Participant-5] DEBUG com.exchange.state.ActiveState - Participant David Miller transitioned to TRADING state
2025-12-21 15:29:22.281 [Participant-5] INFO  com.exchange.service.Exchange - Exchange transaction completed: David Miller exchanged 470033.53 MNT (₮) for 3140.29401393 EUR (€) at rate 0.006681
2025-12-21 15:29:22.333 [Participant-6] DEBUG com.exchange.state.TradingState - Participant Daniel Anderson transitioned to ACTIVE state
2025-12-21 15:29:22.333 [Participant-6] DEBUG com.exchange.state.ActiveState - Participant Daniel Anderson transitioned to TRADING state
2025-12-21 15:29:22.333 [Participant-6] INFO  com.exchange.service.Exchange - Exchange transaction completed: Daniel Anderson exchanged 916.05 USD ($) for 833.60824815 EUR (€) at rate 0.910003
2025-12-21 15:29:22.446 [Participant-8] DEBUG com.exchange.state.TradingState - Participant Laura Thomas transitioned to ACTIVE state
2025-12-21 15:29:22.450 [Participant-7] DEBUG com.exchange.state.TradingState - Participant Jessica Taylor transitioned to ACTIVE state
2025-12-21 15:29:22.450 [Participant-7] DEBUG com.exchange.state.ActiveState - Participant Jessica Taylor transitioned to TRADING state
2025-12-21 15:29:22.450 [Participant-8] INFO  com.exchange.thread.ParticipantThread - Participant Laura Thomas completed: 10 successful, 0 rejected
2025-12-21 15:29:22.451 [Participant-7] INFO  com.exchange.service.Exchange - Exchange transaction completed: Jessica Taylor exchanged 239.66 USD ($) for 826946.83047932 MNT (₮) at rate 3450.500002
2025-12-21 15:29:22.476 [Participant-2] DEBUG com.exchange.state.TradingState - Participant Emily Clark transitioned to ACTIVE state
2025-12-21 15:29:22.476 [Participant-2] DEBUG com.exchange.state.ActiveState - Participant Emily Clark transitioned to TRADING state
2025-12-21 15:29:22.476 [Participant-2] INFO  com.exchange.service.Exchange - Exchange transaction completed: Emily Clark exchanged 834513.38 MNT (₮) for 5967.60518038 EUR (€) at rate 0.007151
2025-12-21 15:29:22.595 [Participant-3] DEBUG com.exchange.state.TradingState - Participant Michael Brown transitioned to ACTIVE state
2025-12-21 15:29:22.596 [Participant-3] DEBUG com.exchange.state.ActiveState - Participant Michael Brown transitioned to TRADING state
2025-12-21 15:29:22.596 [Participant-3] INFO  com.exchange.service.Exchange - Exchange transaction completed: Michael Brown exchanged 205892.65 MNT (₮) for 1644.25870290 EUR (€) at rate 0.007986
2025-12-21 15:29:22.784 [Participant-4] DEBUG com.exchange.state.TradingState - Participant Sarah Wilson transitioned to ACTIVE state
2025-12-21 15:29:22.784 [Participant-4] DEBUG com.exchange.state.ActiveState - Participant Sarah Wilson transitioned to TRADING state
2025-12-21 15:29:22.785 [Participant-4] INFO  com.exchange.service.Exchange - Exchange transaction completed: Sarah Wilson exchanged 2207644.04 MNT (₮) for 7757.66115656 USD ($) at rate 0.003514
2025-12-21 15:29:23.156 [Participant-3] DEBUG com.exchange.state.TradingState - Participant Michael Brown transitioned to ACTIVE state
2025-12-21 15:29:23.157 [Participant-3] DEBUG com.exchange.state.ActiveState - Participant Michael Brown transitioned to TRADING state
2025-12-21 15:29:23.158 [Participant-3] INFO  com.exchange.service.Exchange - Exchange transaction completed: Michael Brown exchanged 124088.27 MNT (₮) for 1016.53110784 EUR (€) at rate 0.008192
2025-12-21 15:29:23.231 [Participant-1] DEBUG com.exchange.state.TradingState - Participant John Smith transitioned to ACTIVE state
2025-12-21 15:29:23.231 [Participant-1] DEBUG com.exchange.state.ActiveState - Participant John Smith transitioned to TRADING state
2025-12-21 15:29:23.232 [Participant-1] INFO  com.exchange.service.Exchange - Exchange transaction completed: John Smith exchanged 381.31 USD ($) for 346.99362524 EUR (€) at rate 0.910004
2025-12-21 15:29:23.434 [Participant-5] DEBUG com.exchange.state.TradingState - Participant David Miller transitioned to ACTIVE state
2025-12-21 15:29:23.435 [Participant-5] DEBUG com.exchange.state.ActiveState - Participant David Miller transitioned to TRADING state
2025-12-21 15:29:23.435 [Participant-5] INFO  com.exchange.service.Exchange - Exchange transaction completed: David Miller exchanged 945.28 EUR (€) for 1038.77102784 USD ($) at rate 1.098903
2025-12-21 15:29:23.442 [Participant-2] DEBUG com.exchange.state.TradingState - Participant Emily Clark transitioned to ACTIVE state
2025-12-21 15:29:23.442 [Participant-2] DEBUG com.exchange.state.ActiveState - Participant Emily Clark transitioned to TRADING state
2025-12-21 15:29:23.442 [Participant-2] INFO  com.exchange.service.Exchange - Exchange transaction completed: Emily Clark exchanged 2255.11 EUR (€) for 2478.14939944 USD ($) at rate 1.098904
2025-12-21 15:29:23.575 [Participant-4] DEBUG com.exchange.state.TradingState - Participant Sarah Wilson transitioned to ACTIVE state
2025-12-21 15:29:23.576 [Participant-4] DEBUG com.exchange.state.ActiveState - Participant Sarah Wilson transitioned to TRADING state
2025-12-21 15:29:23.576 [Participant-4] INFO  com.exchange.service.Exchange - Exchange transaction completed: Sarah Wilson exchanged 1078909.13 MNT (₮) for 6173.51804186 USD ($) at rate 0.005722
2025-12-21 15:29:23.650 [Participant-7] DEBUG com.exchange.state.TradingState - Participant Jessica Taylor transitioned to ACTIVE state
2025-12-21 15:29:23.651 [Participant-7] DEBUG com.exchange.state.ActiveState - Participant Jessica Taylor transitioned to TRADING state
2025-12-21 15:29:23.651 [Participant-7] INFO  com.exchange.service.Exchange - Exchange transaction completed: Jessica Taylor exchanged 357.23 USD ($) for 325.08072892 EUR (€) at rate 0.910004
2025-12-21 15:29:23.781 [Participant-6] DEBUG com.exchange.state.TradingState - Participant Daniel Anderson transitioned to ACTIVE state
2025-12-21 15:29:23.782 [Participant-6] DEBUG com.exchange.state.ActiveState - Participant Daniel Anderson transitioned to TRADING state
2025-12-21 15:29:23.782 [Participant-6] INFO  com.exchange.service.Exchange - Exchange transaction completed: Daniel Anderson exchanged 594.36 USD ($) for 540.86997744 EUR (€) at rate 0.910004
2025-12-21 15:29:24.008 [Participant-1] DEBUG com.exchange.state.TradingState - Participant John Smith transitioned to ACTIVE state
2025-12-21 15:29:24.008 [Participant-1] INFO  com.exchange.thread.ParticipantThread - Participant John Smith completed: 10 successful, 0 rejected
2025-12-21 15:29:24.008 [main] INFO  com.exchange.Main - Participant John Smith completed: 10 successful, 0 rejected
2025-12-21 15:29:24.067 [Participant-5] DEBUG com.exchange.state.TradingState - Participant David Miller transitioned to ACTIVE state
2025-12-21 15:29:24.068 [Participant-5] INFO  com.exchange.thread.ParticipantThread - Participant David Miller completed: 10 successful, 0 rejected
2025-12-21 15:29:24.256 [Participant-2] DEBUG com.exchange.state.TradingState - Participant Emily Clark transitioned to ACTIVE state
2025-12-21 15:29:24.256 [Participant-2] INFO  com.exchange.thread.ParticipantThread - Participant Emily Clark completed: 10 successful, 0 rejected
2025-12-21 15:29:24.256 [main] INFO  com.exchange.Main - Participant Emily Clark completed: 10 successful, 0 rejected
2025-12-21 15:29:24.386 [Participant-3] DEBUG com.exchange.state.TradingState - Participant Michael Brown transitioned to ACTIVE state
2025-12-21 15:29:24.388 [Participant-3] INFO  com.exchange.thread.ParticipantThread - Participant Michael Brown completed: 10 successful, 0 rejected
2025-12-21 15:29:24.388 [main] INFO  com.exchange.Main - Participant Michael Brown completed: 10 successful, 0 rejected
2025-12-21 15:29:24.439 [Participant-4] DEBUG com.exchange.state.TradingState - Participant Sarah Wilson transitioned to ACTIVE state
2025-12-21 15:29:24.440 [Participant-4] INFO  com.exchange.thread.ParticipantThread - Participant Sarah Wilson completed: 10 successful, 0 rejected
2025-12-21 15:29:24.440 [main] INFO  com.exchange.Main - Participant Sarah Wilson completed: 10 successful, 0 rejected
2025-12-21 15:29:24.441 [main] INFO  com.exchange.Main - Participant David Miller completed: 10 successful, 0 rejected
2025-12-21 15:29:24.656 [Participant-7] DEBUG com.exchange.state.TradingState - Participant Jessica Taylor transitioned to ACTIVE state
2025-12-21 15:29:24.656 [Participant-7] INFO  com.exchange.thread.ParticipantThread - Participant Jessica Taylor completed: 10 successful, 0 rejected
2025-12-21 15:29:25.259 [Participant-6] DEBUG com.exchange.state.TradingState - Participant Daniel Anderson transitioned to ACTIVE state
2025-12-21 15:29:25.260 [Participant-6] INFO  com.exchange.thread.ParticipantThread - Participant Daniel Anderson completed: 10 successful, 0 rejected
2025-12-21 15:29:25.261 [main] INFO  com.exchange.Main - Participant Daniel Anderson completed: 10 successful, 0 rejected
2025-12-21 15:29:25.261 [main] INFO  com.exchange.Main - Participant Jessica Taylor completed: 10 successful, 0 rejected
2025-12-21 15:29:25.261 [main] INFO  com.exchange.Main - Participant Laura Thomas completed: 10 successful, 0 rejected
2025-12-21 15:29:27.268 [main] INFO  com.exchange.thread.BalanceReporter - Balance Reporter stop requested
2025-12-21 15:29:28.760 [BalanceReporter] INFO  com.exchange.thread.BalanceReporter - Balance Reporter stopped
2025-12-21 15:29:28.761 [main] INFO  com.exchange.Main - ════════════════════════════════════════════════════════════════════════════════
2025-12-21 15:29:28.761 [main] INFO  com.exchange.Main - FINAL SUMMARY
2025-12-21 15:29:28.761 [main] INFO  com.exchange.Main - ════════════════════════════════════════════════════════════════════════════════
2025-12-21 15:29:28.762 [main] INFO  com.exchange.Main - Total transactions executed: 80
2025-12-21 15:29:28.762 [main] INFO  com.exchange.Main - Application completed successfully
